[debug] [2019-03-30T15:20:42.458Z] ----------------------------------------------------------------------
[debug] [2019-03-30T15:20:42.460Z] Command:       C:\Program Files\nodejs\node.exe C:\Users\Codelabs\AppData\Roaming\npm\node_modules\firebase-tools\lib\bin\firebase.js deploy
[debug] [2019-03-30T15:20:42.460Z] CLI Version:   6.5.0
[debug] [2019-03-30T15:20:42.460Z] Platform:      win32
[debug] [2019-03-30T15:20:42.460Z] Node Version:  v10.15.2
[debug] [2019-03-30T15:20:42.461Z] Time:          Sat Mar 30 2019 15:20:42 GMT+0000 (Greenwich Mean Time)
[debug] [2019-03-30T15:20:42.461Z] ----------------------------------------------------------------------
[debug] 
[debug] [2019-03-30T15:20:42.469Z] > command requires scopes: ["email","openid","https://www.googleapis.com/auth/cloudplatformprojects.readonly","https://www.googleapis.com/auth/firebase","https://www.googleapis.com/auth/cloud-platform"]
[debug] [2019-03-30T15:20:42.469Z] > authorizing via signed-in user
[debug] [2019-03-30T15:20:42.470Z] [iam] checking project fleet-mobile-app for permissions ["cloudfunctions.functions.create","cloudfunctions.functions.delete","cloudfunctions.functions.get","cloudfunctions.functions.list","cloudfunctions.functions.update","cloudfunctions.operations.get","firebase.projects.get","firebasehosting.sites.update"]
[debug] [2019-03-30T15:20:42.471Z] > refreshing access token with scopes: ["email","https://www.googleapis.com/auth/cloud-platform","https://www.googleapis.com/auth/cloudplatformprojects.readonly","https://www.googleapis.com/auth/firebase","openid"]
[debug] [2019-03-30T15:20:42.472Z] >>> HTTP REQUEST POST https://www.googleapis.com/oauth2/v3/token  
 <request body omitted>
[debug] [2019-03-30T15:20:43.010Z] <<< HTTP RESPONSE 200
[debug] [2019-03-30T15:20:43.017Z] >>> HTTP REQUEST POST https://cloudresourcemanager.googleapis.com/v1/projects/fleet-mobile-app:testIamPermissions  

[debug] [2019-03-30T15:20:44.102Z] <<< HTTP RESPONSE 200
[debug] [2019-03-30T15:20:44.103Z] >>> HTTP REQUEST GET https://firebase.googleapis.com/v1beta1/projects/fleet-mobile-app  
 
[debug] [2019-03-30T15:20:44.674Z] <<< HTTP RESPONSE 200
[info] 
[info] === Deploying to 'fleet-mobile-app'...
[info] 
[info] i  deploying functions, hosting
[debug] [2019-03-30T15:20:47.149Z] > [functions] package.json contents: {
  "name": "functions",
  "description": "Cloud Functions for Firebase",
  "scripts": {
    "serve": "firebase serve --only functions",
    "shell": "firebase functions:shell",
    "start": "npm run shell",
    "deploy": "firebase deploy --only functions",
    "logs": "firebase functions:log"
  },
  "dependencies": {
    "firebase-admin": "~7.0.0",
    "firebase-functions": "^2.2.0"
  },
  "private": true
}
[info] i  functions: ensuring necessary APIs are enabled...
[debug] [2019-03-30T15:20:47.150Z] >>> HTTP REQUEST GET https://servicemanagement.googleapis.com/v1/services/cloudfunctions.googleapis.com/projectSettings/fleet-mobile-app?view=CONSUMER_VIEW  
 
[debug] [2019-03-30T15:20:47.151Z] >>> HTTP REQUEST GET https://servicemanagement.googleapis.com/v1/services/runtimeconfig.googleapis.com/projectSettings/fleet-mobile-app?view=CONSUMER_VIEW  
 
[debug] [2019-03-30T15:20:48.819Z] <<< HTTP RESPONSE 200
[debug] [2019-03-30T15:20:48.949Z] <<< HTTP RESPONSE 200
[info] +  functions: all necessary APIs are enabled
[debug] [2019-03-30T15:20:48.951Z] >>> HTTP REQUEST GET https://cloudresourcemanager.googleapis.com/v1/projects/fleet-mobile-app  
 
[debug] [2019-03-30T15:20:49.919Z] <<< HTTP RESPONSE 200
[debug] [2019-03-30T15:20:49.920Z] >>> HTTP REQUEST GET https://mobilesdk-pa.googleapis.com/v1/projects/242841878369:getServerAppConfig  
 
[debug] [2019-03-30T15:20:50.466Z] <<< HTTP RESPONSE 200
[debug] [2019-03-30T15:20:50.467Z] >>> HTTP REQUEST POST https://firebasehosting.googleapis.com/v1beta1/sites/fleet-mobile-app/versions  

[debug] [2019-03-30T15:20:54.465Z] <<< HTTP RESPONSE 200
[info] i  functions: preparing functions directory for uploading...
[debug] [2019-03-30T15:20:54.468Z] >>> HTTP REQUEST GET https://runtimeconfig.googleapis.com/v1beta1/projects/fleet-mobile-app/configs  
 
[debug] [2019-03-30T15:20:55.149Z] <<< HTTP RESPONSE 200
[info] i  functions: packaged functions (26.08 KB) for uploading
[debug] [2019-03-30T15:20:55.332Z] >>> HTTP REQUEST POST https://cloudfunctions.googleapis.com/v1/projects/fleet-mobile-app/locations/us-central1/functions:generateUploadUrl  
 
[debug] [2019-03-30T15:20:56.257Z] <<< HTTP RESPONSE 200
[debug] [2019-03-30T15:20:56.258Z] >>> HTTP REQUEST PUT https://storage.googleapis.com/gcf-upload-us-central1-72a2bf84-3a09-4c1c-a9a2-9a79b1b38075/c48b49fc-30fb-4beb-8faa-fc3d9bc228d6.zip?GoogleAccessId=service-242841878369@gcf-admin-robot.iam.gserviceaccount.com&Expires=1553961055&Signature=XU%2BMqGbBuW%2BC0DzAGGT6tj7V8cwhUc7kFl2Ag7Yu6FQA2n%2FVWNUl457gtRBVnkOY2%2FozHE4Ka7G2LGN5NtV54X3NUzWltJZouuTpIxJrNtbuASChQ3Gw2RL0PfI%2BjXBKzPCcqVqYhK75wSrBlO%2BsQ016D1f8%2FJlj%2Fl3ZpH3Qljx%2FDLrrQHaVPnts%2Bgo1dUNCe4z%2Fxv17l5rKauUtd%2FGjh0lbH2dFNsa8F1KOkrKxZrAXZhEOuQglfTAXNGdyejCAlU8nyHeo%2FqA30pNETK39m%2FqyUsRyOe5%2B6pB%2B1mKzsiAIPNTW68pehWkO28IUiOll6yQR7TSddD2iK77L6f4DYQ%3D%3D  

[debug] [2019-03-30T15:20:56.980Z] <<< HTTP RESPONSE 200
[info] +  functions: functions folder uploaded successfully
[info] i  hosting[fleet-mobile-app]: beginning deploy...
[info] i  hosting[fleet-mobile-app]: found 42 files in dist
[debug] [2019-03-30T15:20:56.998Z] [hosting] hash cache [ZGlzdA] load error: lines is not defined
[debug] [2019-03-30T15:20:57.789Z] [hosting] hash cache [ZGlzdA] stored for 42 files
[debug] [2019-03-30T15:20:57.790Z] [hosting][hash queue][FINAL]
[debug] [2019-03-30T15:20:57.790Z] >>> HTTP REQUEST POST https://firebasehosting.googleapis.com/v1beta1/sites/fleet-mobile-app/versions/fcac618111ea73c4:populateFiles  
 <request body omitted>
[debug] [2019-03-30T15:21:00.750Z] <<< HTTP RESPONSE 200
[debug] [2019-03-30T15:21:00.753Z] [hosting][populate queue][FINAL]
[debug] [2019-03-30T15:21:00.753Z] [hosting] uploads queued: 5
